<?xml version="1.0" encoding="UTF-8"?>
<!-- Generated by org.testng.reporters.JUnitReportReporter -->
<testsuite hostname="HP" failures="0" tests="3" name="TestClasses.LoginTestDataProvider" time="20.530" errors="0" timestamp="2024-08-22T00:52:25 IST" skipped="0">
  <testcase classname="TestClasses.LoginTestDataProvider" name="loginDataProvider" time="6.450"/>
  <system-out/>
  <testcase classname="TestClasses.LoginTestDataProvider" name="loginDataProvider" time="7.050"/>
  <system-out/>
  <testcase classname="TestClasses.LoginTestDataProvider" name="loginDataProvider" time="7.030"/>
  <system-out/>
</testsuite> <!-- TestClasses.LoginTestDataProvider -->
