<?xml version="1.0" encoding="UTF-8"?>
<!-- Generated by org.testng.reporters.JUnitReportReporter -->
<testsuite hostname="HP" failures="0" tests="1" name="TestClasses.RegisterTest" time="12.140" errors="0" timestamp="2024-08-21T21:25:38 IST" skipped="0">
  <testcase classname="TestClasses.RegisterTest" name="register" time="12.140"/>
</testsuite> <!-- TestClasses.RegisterTest -->
