<?xml version="1.0" encoding="UTF-8"?>
<!-- Generated by org.testng.reporters.JUnitReportReporter -->
<testsuite hostname="HP" failures="0" tests="3" name="TestClasses.LoginTestDataProvider" time="18.368" errors="0" timestamp="2024-08-21T21:25:38 IST" skipped="0">
  <testcase classname="TestClasses.LoginTestDataProvider" name="loginDataProvider" time="5.792"/>
  <testcase classname="TestClasses.LoginTestDataProvider" name="loginDataProvider" time="5.840"/>
  <testcase classname="TestClasses.LoginTestDataProvider" name="loginDataProvider" time="6.736"/>
</testsuite> <!-- TestClasses.LoginTestDataProvider -->
